<?xml version="1.0" encoding="UTF-8"?>
<testsuite xmlns:xsi="http://www.w3.org/2001/XMLSchema-instance" xsi:noNamespaceSchemaLocation="https://maven.apache.org/surefire/maven-surefire-plugin/xsd/surefire-test-report-3.0.xsd" version="3.0" name="com.littlebook.LittlebookApplicationTests" time="10.467" tests="1" errors="0" skipped="0" failures="0">
  <properties>
[...]
</properties>
  <testcase name="contextLoads" classname="com.littlebook.LittlebookApplicationTests" time="0.66">
    <system-out><![CDATA[21:50:54.474 [main] INFO org.springframework.test.context.support.AnnotationConfigContextLoaderUtils -- Could not detect default configuration classes for test class [com.littlebook.LittlebookApplicationTests]: LittlebookApplicationTests does not declare any static, non-private, non-final, nested classes annotated with @Configuration.
21:50:54.618 [main] INFO org.springframework.boot.test.context.SpringBootTestContextBootstrapper -- Found @SpringBootConfiguration com.littlebook.LittlebookApplication for test class com.littlebook.LittlebookApplicationTests

  .   ____          _            __ _ _
 /\\ / ___'_ __ _ _(_)_ __  __ _ \ \ \ \
( ( )\___ | '_ | '_| | '_ \/ _` | \ \ \ \
 \\/  ___)| |_)| | | | | || (_| |  ) ) ) )
  '  |____| .__|_| |_|_| |_\__, | / / / /
 =========|_|==============|___/=/_/_/_/

&amp#27;[32m :: Spring Boot :: &amp#27;[39m              &amp#27;[2m (v3.3.4)&amp#27;[0;39m

&amp#27;[2m2025-10-09T21:50:55.339+02:00&amp#27;[0;39m &amp#27;[32m INFO&amp#27;[0;39m &amp#27;[35m6548&amp#27;[0;39m &amp#27;[2m---&amp#27;[0;39m &amp#27;[2m[littlebook-back] [           main]&amp#27;[0;39m &amp#27;[2m&amp#27;[0;39m&amp#27;[36mc.littlebook.LittlebookApplicationTests &amp#27;[0;39m &amp#27;[2m:&amp#27;[0;39m Starting LittlebookApplicationTests using Java 19.0.1 with PID 6548 (started by Ksk in C:\Users\Ksk\Documents\Ecole\MIAGE\Projets\Projet AOS M2\LittleBook_Back)
&amp#27;[2m2025-10-09T21:50:55.341+02:00&amp#27;[0;39m &amp#27;[32m INFO&amp#27;[0;39m &amp#27;[35m6548&amp#27;[0;39m &amp#27;[2m---&amp#27;[0;39m &amp#27;[2m[littlebook-back] [           main]&amp#27;[0;39m &amp#27;[2m&amp#27;[0;39m&amp#27;[36mc.littlebook.LittlebookApplicationTests &amp#27;[0;39m &amp#27;[2m:&amp#27;[0;39m No active profile set, falling back to 1 default profile: "default"
&amp#27;[2m2025-10-09T21:50:56.992+02:00&amp#27;[0;39m &amp#27;[32m INFO&amp#27;[0;39m &amp#27;[35m6548&amp#27;[0;39m &amp#27;[2m---&amp#27;[0;39m &amp#27;[2m[littlebook-back] [           main]&amp#27;[0;39m &amp#27;[2m&amp#27;[0;39m&amp#27;[36m.s.d.r.c.RepositoryConfigurationDelegate&amp#27;[0;39m &amp#27;[2m:&amp#27;[0;39m Bootstrapping Spring Data JPA repositories in DEFAULT mode.
&amp#27;[2m2025-10-09T21:50:57.099+02:00&amp#27;[0;39m &amp#27;[32m INFO&amp#27;[0;39m &amp#27;[35m6548&amp#27;[0;39m &amp#27;[2m---&amp#27;[0;39m &amp#27;[2m[littlebook-back] [           main]&amp#27;[0;39m &amp#27;[2m&amp#27;[0;39m&amp#27;[36m.s.d.r.c.RepositoryConfigurationDelegate&amp#27;[0;39m &amp#27;[2m:&amp#27;[0;39m Finished Spring Data repository scanning in 93 ms. Found 1 JPA repository interface.
&amp#27;[2m2025-10-09T21:50:58.111+02:00&amp#27;[0;39m &amp#27;[32m INFO&amp#27;[0;39m &amp#27;[35m6548&amp#27;[0;39m &amp#27;[2m---&amp#27;[0;39m &amp#27;[2m[littlebook-back] [           main]&amp#27;[0;39m &amp#27;[2m&amp#27;[0;39m&amp#27;[36mcom.zaxxer.hikari.HikariDataSource      &amp#27;[0;39m &amp#27;[2m:&amp#27;[0;39m HikariPool-1 - Starting...
&amp#27;[2m2025-10-09T21:50:58.816+02:00&amp#27;[0;39m &amp#27;[32m INFO&amp#27;[0;39m &amp#27;[35m6548&amp#27;[0;39m &amp#27;[2m---&amp#27;[0;39m &amp#27;[2m[littlebook-back] [           main]&amp#27;[0;39m &amp#27;[2m&amp#27;[0;39m&amp#27;[36mcom.zaxxer.hikari.pool.HikariPool       &amp#27;[0;39m &amp#27;[2m:&amp#27;[0;39m HikariPool-1 - Added connection org.postgresql.jdbc.PgConnection@3ed7dd70
&amp#27;[2m2025-10-09T21:50:58.821+02:00&amp#27;[0;39m &amp#27;[32m INFO&amp#27;[0;39m &amp#27;[35m6548&amp#27;[0;39m &amp#27;[2m---&amp#27;[0;39m &amp#27;[2m[littlebook-back] [           main]&amp#27;[0;39m &amp#27;[2m&amp#27;[0;39m&amp#27;[36mcom.zaxxer.hikari.HikariDataSource      &amp#27;[0;39m &amp#27;[2m:&amp#27;[0;39m HikariPool-1 - Start completed.
&amp#27;[2m2025-10-09T21:50:59.073+02:00&amp#27;[0;39m &amp#27;[32m INFO&amp#27;[0;39m &amp#27;[35m6548&amp#27;[0;39m &amp#27;[2m---&amp#27;[0;39m &amp#27;[2m[littlebook-back] [           main]&amp#27;[0;39m &amp#27;[2m&amp#27;[0;39m&amp#27;[36mo.hibernate.jpa.internal.util.LogHelper &amp#27;[0;39m &amp#27;[2m:&amp#27;[0;39m HHH000204: Processing PersistenceUnitInfo [name: default]
&amp#27;[2m2025-10-09T21:50:59.224+02:00&amp#27;[0;39m &amp#27;[32m INFO&amp#27;[0;39m &amp#27;[35m6548&amp#27;[0;39m &amp#27;[2m---&amp#27;[0;39m &amp#27;[2m[littlebook-back] [           main]&amp#27;[0;39m &amp#27;[2m&amp#27;[0;39m&amp#27;[36morg.hibernate.Version                   &amp#27;[0;39m &amp#27;[2m:&amp#27;[0;39m HHH000412: Hibernate ORM core version 6.5.3.Final
&amp#27;[2m2025-10-09T21:50:59.299+02:00&amp#27;[0;39m &amp#27;[32m INFO&amp#27;[0;39m &amp#27;[35m6548&amp#27;[0;39m &amp#27;[2m---&amp#27;[0;39m &amp#27;[2m[littlebook-back] [           main]&amp#27;[0;39m &amp#27;[2m&amp#27;[0;39m&amp#27;[36mo.h.c.internal.RegionFactoryInitiator   &amp#27;[0;39m &amp#27;[2m:&amp#27;[0;39m HHH000026: Second-level cache disabled
&amp#27;[2m2025-10-09T21:50:59.837+02:00&amp#27;[0;39m &amp#27;[32m INFO&amp#27;[0;39m &amp#27;[35m6548&amp#27;[0;39m &amp#27;[2m---&amp#27;[0;39m &amp#27;[2m[littlebook-back] [           main]&amp#27;[0;39m &amp#27;[2m&amp#27;[0;39m&amp#27;[36mo.s.o.j.p.SpringPersistenceUnitInfo     &amp#27;[0;39m &amp#27;[2m:&amp#27;[0;39m No LoadTimeWeaver setup: ignoring JPA class transformer
&amp#27;[2m2025-10-09T21:50:59.981+02:00&amp#27;[0;39m &amp#27;[33m WARN&amp#27;[0;39m &amp#27;[35m6548&amp#27;[0;39m &amp#27;[2m---&amp#27;[0;39m &amp#27;[2m[littlebook-back] [           main]&amp#27;[0;39m &amp#27;[2m&amp#27;[0;39m&amp#27;[36morg.hibernate.orm.deprecation           &amp#27;[0;39m &amp#27;[2m:&amp#27;[0;39m HHH90000025: PostgreSQLDialect does not need to be specified explicitly using 'hibernate.dialect' (remove the property setting and it will be selected by default)
&amp#27;[2m2025-10-09T21:51:01.111+02:00&amp#27;[0;39m &amp#27;[32m INFO&amp#27;[0;39m &amp#27;[35m6548&amp#27;[0;39m &amp#27;[2m---&amp#27;[0;39m &amp#27;[2m[littlebook-back] [           main]&amp#27;[0;39m &amp#27;[2m&amp#27;[0;39m&amp#27;[36mo.h.e.t.j.p.i.JtaPlatformInitiator      &amp#27;[0;39m &amp#27;[2m:&amp#27;[0;39m HHH000489: No JTA platform available (set 'hibernate.transaction.jta.platform' to enable JTA platform integration)
&amp#27;[2m2025-10-09T21:51:01.116+02:00&amp#27;[0;39m &amp#27;[32m INFO&amp#27;[0;39m &amp#27;[35m6548&amp#27;[0;39m &amp#27;[2m---&amp#27;[0;39m &amp#27;[2m[littlebook-back] [           main]&amp#27;[0;39m &amp#27;[2m&amp#27;[0;39m&amp#27;[36mj.LocalContainerEntityManagerFactoryBean&amp#27;[0;39m &amp#27;[2m:&amp#27;[0;39m Initialized JPA EntityManagerFactory for persistence unit 'default'
&amp#27;[2m2025-10-09T21:51:01.862+02:00&amp#27;[0;39m &amp#27;[33m WARN&amp#27;[0;39m &amp#27;[35m6548&amp#27;[0;39m &amp#27;[2m---&amp#27;[0;39m &amp#27;[2m[littlebook-back] [           main]&amp#27;[0;39m &amp#27;[2m&amp#27;[0;39m&amp#27;[36mJpaBaseConfiguration$JpaWebConfiguration&amp#27;[0;39m &amp#27;[2m:&amp#27;[0;39m spring.jpa.open-in-view is enabled by default. Therefore, database queries may be performed during view rendering. Explicitly configure spring.jpa.open-in-view to disable this warning
&amp#27;[2m2025-10-09T21:51:01.919+02:00&amp#27;[0;39m &amp#27;[33m WARN&amp#27;[0;39m &amp#27;[35m6548&amp#27;[0;39m &amp#27;[2m---&amp#27;[0;39m &amp#27;[2m[littlebook-back] [           main]&amp#27;[0;39m &amp#27;[2m&amp#27;[0;39m&amp#27;[36m.s.s.UserDetailsServiceAutoConfiguration&amp#27;[0;39m &amp#27;[2m:&amp#27;[0;39m 

Using generated security password: 12d9c50a-0559-4efd-8e5f-18d3bee299e7

This generated password is for development use only. Your security configuration must be updated before running your application in production.

&amp#27;[2m2025-10-09T21:51:01.933+02:00&amp#27;[0;39m &amp#27;[32m INFO&amp#27;[0;39m &amp#27;[35m6548&amp#27;[0;39m &amp#27;[2m---&amp#27;[0;39m &amp#27;[2m[littlebook-back] [           main]&amp#27;[0;39m &amp#27;[2m&amp#27;[0;39m&amp#27;[36mr$InitializeUserDetailsManagerConfigurer&amp#27;[0;39m &amp#27;[2m:&amp#27;[0;39m Global AuthenticationManager configured with UserDetailsService bean with name inMemoryUserDetailsManager
&amp#27;[2m2025-10-09T21:51:02.810+02:00&amp#27;[0;39m &amp#27;[32m INFO&amp#27;[0;39m &amp#27;[35m6548&amp#27;[0;39m &amp#27;[2m---&amp#27;[0;39m &amp#27;[2m[littlebook-back] [           main]&amp#27;[0;39m &amp#27;[2m&amp#27;[0;39m&amp#27;[36mo.s.b.a.e.web.EndpointLinksResolver     &amp#27;[0;39m &amp#27;[2m:&amp#27;[0;39m Exposing 2 endpoints beneath base path '/actuator'
&amp#27;[2m2025-10-09T21:51:03.869+02:00&amp#27;[0;39m &amp#27;[32m INFO&amp#27;[0;39m &amp#27;[35m6548&amp#27;[0;39m &amp#27;[2m---&amp#27;[0;39m &amp#27;[2m[littlebook-back] [           main]&amp#27;[0;39m &amp#27;[2m&amp#27;[0;39m&amp#27;[36mc.littlebook.LittlebookApplicationTests &amp#27;[0;39m &amp#27;[2m:&amp#27;[0;39m Started LittlebookApplicationTests in 9.043 seconds (process running for 10.528)
]]></system-out>
  </testcase>
</testsuite>